1638207050614	geckodriver	INFO	Listening on 127.0.0.1:58622
1638207053769	mozrunner::runner	INFO	Running command: "C:\\Program Files\\Mozilla Firefox\\firefox.exe" "--marionette" "--remote-debugging-port" "58623" "-no-remote" "-profile" "C:\\Users\\FRANCE~1\\AppData\\Local\\Temp\\rust_mozprofileoDlJN4"
1638207055900	Marionette	INFO	Marionette enabled
console.warn: SearchSettings: "get: No settings file exists, new profile?" (new NotFoundError("Could not open the file at C:\\Users\\Francesca\\AppData\\Local\\Temp\\rust_mozprofileoDlJN4\\search.json.mozlz4", (void 0)))
DevTools listening on ws://localhost:58623/devtools/browser/82c24c92-c8a4-474e-9b71-ba5a7b6979b1
1638207060116	Marionette	INFO	Listening on port 58628
1638207060256	RemoteAgent	WARN	TLS certificate errors will be ignored for this session
1638207155843	Marionette	INFO	Stopped listening on port 58628
console.warn: TopSitesFeed: Failed to fetch data from Contile server: NetworkError when attempting to fetch resource.

###!!! [Parent][RunMessage] Error: Channel closing: too late to send/recv, messages will be lost

t_mozprofileYMDtX7"
1638207155340	Marionette	INFO	Marionette enabled
console.warn: SearchSettings: "get: No settings file exists, new profile?" (new NotFoundError("Could not open the file at C:\\Users\\Francesca\\AppData\\Local\\Temp\\rust_mozprofileYMDtX7\\search.json.mozlz4", (void 0)))
DevTools listening on ws://localhost:51446/devtools/browser/c31d247e-061e-4aaa-bf2c-d7a27a77fdec
1638207158605	Marionette	INFO	Listening on port 51451
1638207159129	RemoteAgent	WARN	TLS certificate errors will be ignored for this session
1638207204858	Marionette	INFO	Stopped listening on port 51451
console.warn: TopSitesFeed: Failed to fetch data from Contile server: NetworkError when attempting to fetch resource.

###!!! [Parent][RunMessage] Error: Channel closing: too late to send/recv, messages will be lost

1638207209117	geckodriver	INFO	Listening on 127.0.0.1:57414
1638207212208	mozrunner::runner	INFO	Running command: "C:\\Program Files\\Mozilla Firefox\\firefox.exe" "--marionette" "--remote-debugging-port" "57415" "-no-remote" "-profile" "C:\\Users\\FRANCE~1\\AppData\\Local\\Temp\\rust_mozprofileD5RgnS"
1638207212967	Marionette	INFO	Marionette enabled
console.warn: SearchSettings: "get: No settings file exists, new profile?" (new NotFoundError("Could not open the file at C:\\Users\\Francesca\\AppData\\Local\\Temp\\rust_mozprofileD5RgnS\\search.json.mozlz4", (void 0)))
DevTools listening on ws://localhost:57415/devtools/browser/ba20b2f4-d3d8-4f50-8d70-d585c241b9a4
1638207215887	Marionette	INFO	Listening on port 57420
1638207215932	RemoteAgent	WARN	TLS certificate errors will be ignored for this session
console.log: WebExtensions: reset-default-search: starting.
console.log: WebExtensions: reset-default-search: No addons in our list are installed.
1638208090577	Marionette	INFO	Stopped listening on port 57420
console.warn: TopSitesFeed: Failed to fetch data from Contile server: NetworkError when attempting to fetch resource.
1638208428971	geckodriver	INFO	Listening on 127.0.0.1:60275
1638208432118	mozrunner::runner	INFO	Running command: "C:\\Program Files\\Mozilla Firefox\\firefox.exe" "--marionette" "--remote-debugging-port" "60276" "-no-remote" "-profile" "C:\\Users\\FRANCE~1\\AppData\\Local\\Temp\\rust_mozprofile6EXLBI"
1638208432936	Marionette	INFO	Marionette enabled
console.warn: SearchSettings: "get: No settings file exists, new profile?" (new NotFoundError("Could not open the file at C:\\Users\\Francesca\\AppData\\Local\\Temp\\rust_mozprofile6EXLBI\\search.json.mozlz4", (void 0)))
DevTools listening on ws://localhost:60276/devtools/browser/ec8bb219-bbc2-4b15-8c4f-39cbaa1ed4fb
1638208436002	Marionette	INFO	Listening on port 60283
1638208436339	RemoteAgent	WARN	TLS certificate errors will be ignored for this session
JavaScript warning: https://appsso.eurostat.ec.europa.eu/nui/js/jquery-1.3.2.js, line 2425: unreachable code after return statement
1638208437017	Marionette	WARN	Ignoring event 'DOMContentLoaded' because document has an invalid readyState of 'complete'.
JavaScript warning: https://appsso.eurostat.ec.europa.eu/nui/js/jquery-1.3.2.js, line 2425: unreachable code after return statement
JavaScript warning: https://appsso.eurostat.ec.europa.eu/nui/js/PT_RenderTable.js?d=1638208438447, line 277: unreachable code after return statement
JavaScript warning: https://appsso.eurostat.ec.europa.eu/nui/js/jquery-1.3.2.js, line 2425: unreachable code after return statement
1638208445119	Marionette	WARN	Ignoring event 'DOMContentLoaded' because document has an invalid readyState of 'complete'.
JavaScript warning: https://appsso.eurostat.ec.europa.eu/nui/js/jquery-1.3.2.js, line 2425: unreachable code after return statement
console.log: WebExtensions: reset-default-search: starting.
console.log: WebExtensions: reset-default-search: No addons in our list are installed.
1638209184387	Marionette	INFO	Stopped listening on port 60283
console.warn: TopSitesFeed: Failed to fetch data from Contile server: NetworkError when attempting to fetch resource.

###!!! [Parent][RunMessage] Error: Channel closing: too late to send/recv, messages will be lost

1638209190699	geckodriver	INFO	Listening on 127.0.0.1:51112
1638209193797	mozrunner::runner	INFO	Running command: "C:\\Program Files\\Mozilla Firefox\\firefox.exe" "--marionette" "--remote-debugging-port" "51113" "-no-remote" "-profile" "C:\\Users\\FRANCE~1\\AppData\\Local\\Temp\\rust_mozprofileS0xHl5"
1638209194679	Marionette	INFO	Marionette enabled
console.warn: SearchSettings: "get: No settings file exists, new profile?" (new NotFoundError("Could not open the file at C:\\Users\\Francesca\\AppData\\Local\\Temp\\rust_mozprofileS0xHl5\\search.json.mozlz4", (void 0)))
DevTools listening on ws://localhost:51113/devtools/browser/aa8a63de-3ac2-4606-a268-862bb6dcf4a1
1638209197593	Marionette	INFO	Listening on port 51118
1638209198019	RemoteAgent	WARN	TLS certificate errors will be ignored for this session
JavaScript warning: https://appsso.eurostat.ec.europa.eu/nui/js/jquery-1.3.2.js, line 2425: unreachable code after return statement
1638209198540	Marionette	WARN	Ignoring event 'DOMContentLoaded' because document has an invalid readyState of 'complete'.
JavaScript warning: https://appsso.eurostat.ec.europa.eu/nui/js/jquery-1.3.2.js, line 2425: unreachable code after return statement
JavaScript warning: https://appsso.eurostat.ec.europa.eu/nui/js/PT_RenderTable.js?d=1638209199987, line 277: unreachable code after return statement
JavaScript warning: https://appsso.eurostat.ec.europa.eu/nui/js/jquery-1.3.2.js, line 2425: unreachable code after return statement
1638209207366	Marionette	WARN	Ignoring event 'DOMContentLoaded' because document has an invalid readyState of 'complete'.
JavaScript warning: https://appsso.eurostat.ec.europa.eu/nui/js/jquery-1.3.2.js, line 2425: unreachable code after return statement
1638209321852	Marionette	INFO	Stopped listening on port 51118
console.warn: TopSitesFeed: Failed to fetch data from Contile server: NetworkError when attempting to fetch resource.
1638209326422	geckodriver	INFO	Listening on 127.0.0.1:51200
1638209329553	mozrunner::runner	INFO	Running command: "C:\\Program Files\\Mozilla Firefox\\firefox.exe" "--marionette" "--remote-debugging-port" "51201" "-no-remote" "-profile" "C:\\Users\\FRANCE~1\\AppData\\Local\\Temp\\rust_mozprofileRQL3aL"
1638209330227	Marionette	INFO	Marionette enabled
console.warn: SearchSettings: "get: No settings file exists, new profile?" (new NotFoundError("Could not open the file at C:\\Users\\Francesca\\AppData\\Local\\Temp\\rust_mozprofileRQL3aL\\search.json.mozlz4", (void 0)))
DevTools listening on ws://localhost:51201/devtools/browser/8755f2ca-c920-4bd5-aeb8-5c46058c7262
1638209333090	Marionette	INFO	Listening on port 51206
1638209333272	RemoteAgent	WARN	TLS certificate errors will be ignored for this session
JavaScript warning: https://appsso.eurostat.ec.europa.eu/nui/js/jquery-1.3.2.js, line 2425: unreachable code after return statement
1638209333808	Marionette	WARN	Ignoring event 'DOMContentLoaded' because document has an invalid readyState of 'complete'.
JavaScript warning: https://appsso.eurostat.ec.europa.eu/nui/js/jquery-1.3.2.js, line 2425: unreachable code after return statement
JavaScript warning: https://appsso.eurostat.ec.europa.eu/nui/js/PT_RenderTable.js?d=1638209335612, line 277: unreachable code after return statement
JavaScript warning: https://appsso.eurostat.ec.europa.eu/nui/js/jquery-1.3.2.js, line 2425: unreachable code after return statement
JavaScript warning: https://appsso.eurostat.ec.europa.eu/nui/js/jquery-1.3.2.js, line 2425: unreachable code after return statement
1638209593508	Marionette	INFO	Stopped listening on port 51206
console.warn: TopSitesFeed: Failed to fetch data from Contile server: NetworkError when attempting to fetch resource.
remote-debugging-port" "61259" "-no-remote" "-profile" "C:\\Users\\FRANCE~1\\AppData\\Local\\Temp\\rust_mozprofilejXOMUE"
1638209591807	Marionette	INFO	Marionette enabled
console.warn: SearchSettings: "get: No settings file exists, new profile?" (new NotFoundError("Could not open the file at C:\\Users\\Francesca\\AppData\\Local\\Temp\\rust_mozprofilejXOMUE\\search.json.mozlz4", (void 0)))
DevTools listening on ws://localhost:61259/devtools/browser/511b0f74-3aa8-4c73-a1ac-ded564ac4474
1638209595418	Marionette	INFO	Listening on port 61264
1638209595891	RemoteAgent	WARN	TLS certificate errors will be ignored for this session
JavaScript warning: https://appsso.eurostat.ec.europa.eu/nui/js/jquery-1.3.2.js, line 2425: unreachable code after return statement
1638209596389	Marionette	WARN	Ignoring event 'DOMContentLoaded' because document has an invalid readyState of 'complete'.
JavaScript warning: https://appsso.eurostat.ec.europa.eu/nui/js/jquery-1.3.2.js, line 2425: unreachable code after return statement
JavaScript warning: https://appsso.eurostat.ec.europa.eu/nui/js/PT_RenderTable.js?d=1638209597897, line 277: unreachable code after return statement
JavaScript warning: https://appsso.eurostat.ec.europa.eu/nui/js/jquery-1.3.2.js, line 2425: unreachable code after return statement
1638209605369	Marionette	WARN	Ignoring event 'DOMContentLoaded' because document has an invalid readyState of 'complete'.
JavaScript warning: https://appsso.eurostat.ec.europa.eu/nui/js/jquery-1.3.2.js, line 2425: unreachable code after return statement
1638209762651	Marionette	INFO	Stopped listening on port 61264
console.warn: TopSitesFeed: Failed to fetch data from Contile server: NetworkError when attempting to fetch resource.

###!!! [Parent][RunMessage] Error: Channel closing: too late to send/recv, messages will be lost

1638209769062	geckodriver	INFO	Listening on 127.0.0.1:61356
1638209772177	mozrunner::runner	INFO	Running command: "C:\\Program Files\\Mozilla Firefox\\firefox.exe" "--marionette" "--remote-debugging-port" "61357" "-no-remote" "-profile" "C:\\Users\\FRANCE~1\\AppData\\Local\\Temp\\rust_mozprofile9z3cRw"
1638209772822	Marionette	INFO	Marionette enabled
console.warn: SearchSettings: "get: No settings file exists, new profile?" (new NotFoundError("Could not open the file at C:\\Users\\Francesca\\AppData\\Local\\Temp\\rust_mozprofile9z3cRw\\search.json.mozlz4", (void 0)))
DevTools listening on ws://localhost:61357/devtools/browser/756da8ce-539c-4e8e-8dc6-70f773f74b86
1638209775778	Marionette	INFO	Listening on port 61362
1638209775900	RemoteAgent	WARN	TLS certificate errors will be ignored for this session
console.error: Region.jsm: "Error fetching region" (new Error("TIMEOUT", "resource://gre/modules/Region.jsm", 772))
console.error: Region.jsm: "Failed to fetch region" (new Error("TIMEOUT", "resource://gre/modules/Region.jsm", 419))
JavaScript warning: https://appsso.eurostat.ec.europa.eu/nui/js/jquery-1.3.2.js, line 2425: unreachable code after return statement
1638209799724	Marionette	WARN	Ignoring event 'DOMContentLoaded' because document has an invalid readyState of 'complete'.
JavaScript warning: https://appsso.eurostat.ec.europa.eu/nui/js/jquery-1.3.2.js, line 2425: unreachable code after return statement
JavaScript warning: https://appsso.eurostat.ec.europa.eu/nui/js/PT_RenderTable.js?d=1638209801325, line 277: unreachable code after return statement
JavaScript warning: https://appsso.eurostat.ec.europa.eu/nui/js/jquery-1.3.2.js, line 2425: unreachable code after return statement
1638209808591	Marionette	WARN	Ignoring event 'DOMContentLoaded' because document has an invalid readyState of 'complete'.
JavaScript warning: https://appsso.eurostat.ec.europa.eu/nui/js/jquery-1.3.2.js, line 2425: unreachable code after return statement
JavaScript warning: https://appsso.eurostat.ec.europa.eu/nui/js/jquery-1.3.2.js, line 2425: unreachable code after return statement
1638209808967	Marionette	WARN	Ignoring event 'DOMContentLoaded' because document has an invalid readyState of 'complete'.
1638210168681	Marionette	INFO	Stopped listening on port 61362
console.warn: TopSitesFeed: Failed to fetch data from Contile server: NetworkError when attempting to fetch resource.
1638210174617	geckodriver	INFO	Listening on 127.0.0.1:50776
1638210177690	mozrunner::runner	INFO	Running command: "C:\\Program Files\\Mozilla Firefox\\firefox.exe" "--marionette" "--remote-debugging-port" "50777" "-no-remote" "-profile" "C:\\Users\\FRANCE~1\\AppData\\Local\\Temp\\rust_mozprofilex8tESh"
1638210178167	Marionette	INFO	Marionette enabled
console.warn: SearchSettings: "get: No settings file exists, new profile?" (new NotFoundError("Could not open the file at C:\\Users\\Francesca\\AppData\\Local\\Temp\\rust_mozprofilex8tESh\\search.json.mozlz4", (void 0)))
DevTools listening on ws://localhost:50777/devtools/browser/2bbf454b-ef5b-44c1-bacd-74ad7aeac3cc
1638210180957	Marionette	INFO	Listening on port 50782
1638210181381	RemoteAgent	WARN	TLS certificate errors will be ignored for this session
JavaScript warning: https://appsso.eurostat.ec.europa.eu/nui/js/jquery-1.3.2.js, line 2425: unreachable code after return statement
1638210181962	Marionette	WARN	Ignoring event 'DOMContentLoaded' because document has an invalid readyState of 'complete'.
JavaScript warning: https://appsso.eurostat.ec.europa.eu/nui/js/jquery-1.3.2.js, line 2425: unreachable code after return statement
JavaScript warning: https://appsso.eurostat.ec.europa.eu/nui/js/PT_RenderTable.js?d=1638210183493, line 277: unreachable code after return statement
JavaScript warning: https://appsso.eurostat.ec.europa.eu/nui/js/jquery-1.3.2.js, line 2425: unreachable code after return statement
1638210190064	Marionette	WARN	Ignoring event 'DOMContentLoaded' because document has an invalid readyState of 'complete'.
JavaScript warning: https://appsso.eurostat.ec.europa.eu/nui/js/jquery-1.3.2.js, line 2425: unreachable code after return statement
1638210302744	Marionette	INFO	Stopped listening on port 50782
console.warn: TopSitesFeed: Failed to fetch data from Contile server: NetworkError when attempting to fetch resource.

###!!! [Parent][RunMessage] Error: Channel closing: too late to send/recv, messages will be lost

1638210323234	geckodriver	INFO	Listening on 127.0.0.1:52809
1638210326354	mozrunner::runner	INFO	Running command: "C:\\Program Files\\Mozilla Firefox\\firefox.exe" "--marionette" "--remote-debugging-port" "52810" "-no-remote" "-profile" "C:\\Users\\FRANCE~1\\AppData\\Local\\Temp\\rust_mozprofilepCv3o8"
1638210327152	Marionette	INFO	Marionette enabled
console.warn: SearchSettings: "get: No settings file exists, new profile?" (new NotFoundError("Could not open the file at C:\\Users\\Francesca\\AppData\\Local\\Temp\\rust_mozprofilepCv3o8\\search.json.mozlz4", (void 0)))
DevTools listening on ws://localhost:52810/devtools/browser/06cc35ae-680e-4ed3-b907-d08af9cddcba
1638210330022	Marionette	INFO	Listening on port 52815
1638210330571	RemoteAgent	WARN	TLS certificate errors will be ignored for this session
JavaScript warning: https://appsso.eurostat.ec.europa.eu/nui/js/jquery-1.3.2.js, line 2425: unreachable code after return statement
1638210331213	Marionette	WARN	Ignoring event 'DOMContentLoaded' because document has an invalid readyState of 'complete'.
JavaScript warning: https://appsso.eurostat.ec.europa.eu/nui/js/jquery-1.3.2.js, line 2425: unreachable code after return statement
JavaScript warning: https://appsso.eurostat.ec.europa.eu/nui/js/PT_RenderTable.js?d=1638210332913, line 277: unreachable code after return statement
JavaScript warning: https://appsso.eurostat.ec.europa.eu/nui/js/jquery-1.3.2.js, line 2425: unreachable code after return statement
JavaScript warning: https://appsso.eurostat.ec.europa.eu/nui/js/jquery-1.3.2.js, line 2425: unreachable code after return statement
1638210486800	Marionette	INFO	Stopped listening on port 52815
console.warn: TopSitesFeed: Failed to fetch data from Contile server: NetworkError when attempting to fetch resource.
remote-debugging-port" "52902" "-no-remote" "-profile" "C:\\Users\\FRANCE~1\\AppData\\Local\\Temp\\rust_mozprofile2iDLhE"
1638210481985	Marionette	INFO	Marionette enabled
console.warn: SearchSettings: "get: No settings file exists, new profile?" (new NotFoundError("Could not open the file at C:\\Users\\Francesca\\AppData\\Local\\Temp\\rust_mozprofile2iDLhE\\search.json.mozlz4", (void 0)))
DevTools listening on ws://localhost:52902/devtools/browser/4f3bb8e0-62ae-4bc7-b70a-f3c384d12b3a
1638210485424	Marionette	INFO	Listening on port 52907
1638210485644	RemoteAgent	WARN	TLS certificate errors will be ignored for this session
JavaScript warning: https://appsso.eurostat.ec.europa.eu/nui/js/jquery-1.3.2.js, line 2425: unreachable code after return statement
1638210486425	Marionette	WARN	Ignoring event 'DOMContentLoaded' because document has an invalid readyState of 'complete'.
1638210487884	Marionette	INFO	Stopped listening on port 52907
console.warn: TopSitesFeed: Failed to fetch data from Contile server: NetworkError when attempting to fetch resource.
JavaScript error: chrome://remote/content/marionette/cert.js, line 55: NS_ERROR_NOT_AVAILABLE: Component returned failure code: 0x80040111 (NS_ERROR_NOT_AVAILABLE) [nsICertOverrideService.setDisableAllSecurityChecksAndLetAttackersInterceptMyData]

###!!! [Parent][RunMessage] Error: Channel closing: too late to send/recv, messages will be lost

1638210502408	geckodriver	INFO	Listening on 127.0.0.1:52945
1638210505522	mozrunner::runner	INFO	Running command: "C:\\Program Files\\Mozilla Firefox\\firefox.exe" "--marionette" "--remote-debugging-port" "52946" "-no-remote" "-profile" "C:\\Users\\FRANCE~1\\AppData\\Local\\Temp\\rust_mozprofileK2DEf6"
1638210506126	Marionette	INFO	Marionette enabled
console.warn: SearchSettings: "get: No settings file exists, new profile?" (new NotFoundError("Could not open the file at C:\\Users\\Francesca\\AppData\\Local\\Temp\\rust_mozprofileK2DEf6\\search.json.mozlz4", (void 0)))
DevTools listening on ws://localhost:52946/devtools/browser/9cc7f982-969f-485e-8197-e7b140ace20e
1638210509116	Marionette	INFO	Listening on port 52951
1638210509233	RemoteAgent	WARN	TLS certificate errors will be ignored for this session
JavaScript warning: https://appsso.eurostat.ec.europa.eu/nui/js/jquery-1.3.2.js, line 2425: unreachable code after return statement
1638210509722	Marionette	WARN	Ignoring event 'DOMContentLoaded' because document has an invalid readyState of 'complete'.
JavaScript warning: https://appsso.eurostat.ec.europa.eu/nui/js/jquery-1.3.2.js, line 2425: unreachable code after return statement
JavaScript warning: https://appsso.eurostat.ec.europa.eu/nui/js/PT_RenderTable.js?d=1638210511131, line 277: unreachable code after return statement
JavaScript warning: https://appsso.eurostat.ec.europa.eu/nui/js/jquery-1.3.2.js, line 2425: unreachable code after return statement
1638210517872	Marionette	WARN	Ignoring event 'DOMContentLoaded' because document has an invalid readyState of 'complete'.
JavaScript warning: https://appsso.eurostat.ec.europa.eu/nui/js/jquery-1.3.2.js, line 2425: unreachable code after return statement
1638210711176	Marionette	INFO	Stopped listening on port 52951
console.warn: TopSitesFeed: Failed to fetch data from Contile server: NetworkError when attempting to fetch resource.

###!!! [Parent][RunMessage] Error: Channel closing: too late to send/recv, messages will be lost

1638210716196	geckodriver	INFO	Listening on 127.0.0.1:53037
1638210719341	mozrunner::runner	INFO	Running command: "C:\\Program Files\\Mozilla Firefox\\firefox.exe" "--marionette" "--remote-debugging-port" "53038" "-no-remote" "-profile" "C:\\Users\\FRANCE~1\\AppData\\Local\\Temp\\rust_mozprofile8N5lLE"
1638210720074	Marionette	INFO	Marionette enabled
console.warn: SearchSettings: "get: No settings file exists, new profile?" (new NotFoundError("Could not open the file at C:\\Users\\Francesca\\AppData\\Local\\Temp\\rust_mozprofile8N5lLE\\search.json.mozlz4", (void 0)))
DevTools listening on ws://localhost:53038/devtools/browser/9a3d3968-9cb2-45e3-8e86-ed146bb7e423
1638210722747	Marionette	INFO	Listening on port 53043
1638210723066	RemoteAgent	WARN	TLS certificate errors will be ignored for this session
JavaScript warning: https://appsso.eurostat.ec.europa.eu/nui/js/jquery-1.3.2.js, line 2425: unreachable code after return statement
1638210723550	Marionette	WARN	Ignoring event 'DOMContentLoaded' because document has an invalid readyState of 'complete'.
JavaScript warning: https://appsso.eurostat.ec.europa.eu/nui/js/jquery-1.3.2.js, line 2425: unreachable code after return statement
JavaScript warning: https://appsso.eurostat.ec.europa.eu/nui/js/PT_RenderTable.js?d=1638210725226, line 277: unreachable code after return statement
JavaScript warning: https://appsso.eurostat.ec.europa.eu/nui/js/jquery-1.3.2.js, line 2425: unreachable code after return statement
1638210731844	Marionette	WARN	Ignoring event 'DOMContentLoaded' because document has an invalid readyState of 'complete'.
JavaScript warning: https://appsso.eurostat.ec.europa.eu/nui/js/jquery-1.3.2.js, line 2425: unreachable code after return statement
console.log: WebExtensions: reset-default-search: starting.
console.log: WebExtensions: reset-default-search: No addons in our list are installed.
1638211804325	Marionette	INFO	Stopped listening on port 53043
console.warn: TopSitesFeed: Failed to fetch data from Contile server: NetworkError when attempting to fetch resource.

###!!! [Parent][RunMessage] Error: Channel closing: too late to send/recv, messages will be lost

